[0m16:45:13.125211 [debug] [MainThread]: Sending event: {'category': 'dbt', 'action': 'invocation', 'label': 'start', 'context': [<snowplow_tracker.self_describing_json.SelfDescribingJson object at 0x000001FB97FF7C50>, <snowplow_tracker.self_describing_json.SelfDescribingJson object at 0x000001FB97FFB510>, <snowplow_tracker.self_describing_json.SelfDescribingJson object at 0x000001FB97FF7C90>]}


============================== 16:45:13.132212 | 0031509d-2442-4b2e-bd40-ba1b61535529 ==============================
[0m16:45:13.132212 [info ] [MainThread]: Running with dbt=1.10.4
[0m16:45:13.133226 [debug] [MainThread]: running dbt with arguments {'printer_width': '80', 'indirect_selection': 'eager', 'write_json': 'True', 'log_cache_events': 'False', 'partial_parse': 'True', 'cache_selected_only': 'False', 'warn_error': 'None', 'debug': 'False', 'profiles_dir': 'C:\\Users\\rahat\\.dbt', 'log_path': 'logs', 'version_check': 'True', 'fail_fast': 'False', 'use_colors': 'True', 'use_experimental_parser': 'False', 'no_print': 'None', 'quiet': 'False', 'empty': 'None', 'log_format': 'default', 'static_parser': 'True', 'invocation_command': 'dbt init Insightin_demo', 'introspect': 'True', 'target_path': 'None', 'warn_error_options': 'WarnErrorOptionsV2(error=[], warn=[], silence=[])', 'send_anonymous_usage_stats': 'True'}
[0m16:45:13.254016 [info ] [MainThread]: Creating dbt configuration folder at C:\Users\rahat\.dbt
[0m16:45:13.262229 [debug] [MainThread]: Starter project path: E:\DBT_Insighin\dbt_venv\Lib\site-packages\dbt\include\starter_project
[0m16:45:13.487766 [info ] [MainThread]: 
Your new dbt project "Insightin_demo" was created!

For more information on how to configure the profiles.yml file,
please consult the dbt documentation here:

  https://docs.getdbt.com/docs/configure-your-profile

One more thing:

Need help? Don't hesitate to reach out to us via GitHub issues or on Slack:

  https://community.getdbt.com/

Happy modeling!

[0m16:45:13.489767 [info ] [MainThread]: Setting up your profile.
[0m16:47:49.817720 [info ] [MainThread]: Profile Insightin_demo written to C:\Users\rahat\.dbt\profiles.yml using target's profile_template.yml and your supplied values. Run 'dbt debug' to validate the connection.
[0m16:47:49.823977 [debug] [MainThread]: Command `dbt init` succeeded at 16:47:49.823977 after 157.23 seconds
[0m16:47:49.824981 [debug] [MainThread]: Sending event: {'category': 'dbt', 'action': 'invocation', 'label': 'end', 'context': [<snowplow_tracker.self_describing_json.SelfDescribingJson object at 0x000001FB97FAB290>, <snowplow_tracker.self_describing_json.SelfDescribingJson object at 0x000001FB97C64610>, <snowplow_tracker.self_describing_json.SelfDescribingJson object at 0x000001FB913C9450>]}
[0m16:47:49.826982 [debug] [MainThread]: Flushing usage events
[0m16:47:51.725445 [debug] [MainThread]: An error was encountered while trying to flush usage events
[0m16:48:18.981546 [debug] [MainThread]: Sending event: {'category': 'dbt', 'action': 'invocation', 'label': 'start', 'context': [<snowplow_tracker.self_describing_json.SelfDescribingJson object at 0x000002602D41B910>, <snowplow_tracker.self_describing_json.SelfDescribingJson object at 0x000002602D41DC10>, <snowplow_tracker.self_describing_json.SelfDescribingJson object at 0x000002602D41F8D0>]}


============================== 16:48:19.025647 | 190e35d5-1e27-4f65-9c86-421b57b1086f ==============================
[0m16:48:19.025647 [info ] [MainThread]: Running with dbt=1.10.4
[0m16:48:19.027649 [debug] [MainThread]: running dbt with arguments {'printer_width': '80', 'indirect_selection': 'eager', 'write_json': 'True', 'log_cache_events': 'False', 'partial_parse': 'True', 'cache_selected_only': 'False', 'profiles_dir': 'C:\\Users\\rahat\\.dbt', 'version_check': 'True', 'fail_fast': 'False', 'log_path': 'logs', 'warn_error': 'None', 'debug': 'False', 'use_colors': 'True', 'use_experimental_parser': 'False', 'empty': 'None', 'quiet': 'False', 'no_print': 'None', 'warn_error_options': 'WarnErrorOptionsV2(error=[], warn=[], silence=[])', 'introspect': 'True', 'invocation_command': 'dbt debug', 'static_parser': 'True', 'target_path': 'None', 'log_format': 'default', 'send_anonymous_usage_stats': 'True'}
[0m16:48:19.111286 [info ] [MainThread]: dbt version: 1.10.4
[0m16:48:19.113246 [info ] [MainThread]: python version: 3.11.1
[0m16:48:19.114226 [info ] [MainThread]: python path: E:\DBT_Insighin\dbt_venv\Scripts\python.exe
[0m16:48:19.115212 [info ] [MainThread]: os info: Windows-10-10.0.19045-SP0
[0m16:48:20.125578 [info ] [MainThread]: Using profiles dir at C:\Users\rahat\.dbt
[0m16:48:20.127550 [info ] [MainThread]: Using profiles.yml file at C:\Users\rahat\.dbt\profiles.yml
[0m16:48:20.129548 [info ] [MainThread]: Using dbt_project.yml file at E:\DBT_Insighin\dbt_project.yml
[0m16:48:20.130552 [info ] [MainThread]: Configuration:
[0m16:48:20.131572 [info ] [MainThread]:   profiles.yml file [[31mERROR invalid[0m]
[0m16:48:20.133861 [info ] [MainThread]:   dbt_project.yml file [[31mERROR not found[0m]
[0m16:48:20.134862 [info ] [MainThread]: Required dependencies:
[0m16:48:20.136861 [debug] [MainThread]: Executing "git --help"
[0m16:48:21.518800 [debug] [MainThread]: STDOUT: "b"usage: git [-v | --version] [-h | --help] [-C <path>] [-c <name>=<value>]\n           [--exec-path[=<path>]] [--html-path] [--man-path] [--info-path]\n           [-p | --paginate | -P | --no-pager] [--no-replace-objects] [--no-lazy-fetch]\n           [--no-optional-locks] [--no-advice] [--bare] [--git-dir=<path>]\n           [--work-tree=<path>] [--namespace=<name>] [--config-env=<name>=<envvar>]\n           <command> [<args>]\n\nThese are common Git commands used in various situations:\n\nstart a working area (see also: git help tutorial)\n   clone      Clone a repository into a new directory\n   init       Create an empty Git repository or reinitialize an existing one\n\nwork on the current change (see also: git help everyday)\n   add        Add file contents to the index\n   mv         Move or rename a file, a directory, or a symlink\n   restore    Restore working tree files\n   rm         Remove files from the working tree and from the index\n\nexamine the history and state (see also: git help revisions)\n   bisect     Use binary search to find the commit that introduced a bug\n   diff       Show changes between commits, commit and working tree, etc\n   grep       Print lines matching a pattern\n   log        Show commit logs\n   show       Show various types of objects\n   status     Show the working tree status\n\ngrow, mark and tweak your common history\n   backfill   Download missing objects in a partial clone\n   branch     List, create, or delete branches\n   commit     Record changes to the repository\n   merge      Join two or more development histories together\n   rebase     Reapply commits on top of another base tip\n   reset      Reset current HEAD to the specified state\n   switch     Switch branches\n   tag        Create, list, delete or verify a tag object signed with GPG\n\ncollaborate (see also: git help workflows)\n   fetch      Download objects and refs from another repository\n   pull       Fetch from and integrate with another repository or a local branch\n   push       Update remote refs along with associated objects\n\n'git help -a' and 'git help -g' list available subcommands and some\nconcept guides. See 'git help <command>' or 'git help <concept>'\nto read about a specific subcommand or concept.\nSee 'git help git' for an overview of the system.\n""
[0m16:48:21.519801 [debug] [MainThread]: STDERR: "b''"
[0m16:48:21.520803 [info ] [MainThread]:  - git [[32mOK found[0m]

[0m16:48:21.522835 [info ] [MainThread]: Connection test skipped since no profile was found
[0m16:48:21.523799 [info ] [MainThread]: [31m2 checks failed:[0m
[0m16:48:21.524994 [info ] [MainThread]: Could not load dbt_project.yml
Profile loading failed for the following reason:
Runtime Error
  Credentials in profile "Insightin_demo", target "dev" invalid: 'schema' is a required property


[0m16:48:21.527995 [info ] [MainThread]: Project loading failed for the following reason:
 project path <E:\DBT_Insighin\dbt_project.yml> not found

[0m16:48:21.532997 [debug] [MainThread]: Command `dbt debug` failed at 16:48:21.532997 after 3.14 seconds
[0m16:48:21.535233 [debug] [MainThread]: Sending event: {'category': 'dbt', 'action': 'invocation', 'label': 'end', 'context': [<snowplow_tracker.self_describing_json.SelfDescribingJson object at 0x000002602D441D10>, <snowplow_tracker.self_describing_json.SelfDescribingJson object at 0x000002602D4423D0>, <snowplow_tracker.self_describing_json.SelfDescribingJson object at 0x000002602D17A190>]}
[0m16:48:21.536281 [debug] [MainThread]: Flushing usage events
[0m16:48:23.014625 [debug] [MainThread]: An error was encountered while trying to flush usage events
